500
0 2528 1025 4580 1669 5604 1608 745 4111 9520 5085 5715 1400 9402 4216 1277 
1 6368 5857 1666 1219 5251 4197 5996 4176 5553 3156 5398 6614 7482 8635 7677 
2 6656 3521 6371 2437 5574 4008 2842 2123 9485 3418 6861 719 557 7055 6899 6712 4090 699 
3 7393 6626 3 1893 6021 5549 5073 5301 9237 2421 2264 6613 379 
4 3072 3681 5920 3456 1348 1574 4618 2605 9646 79 5875 7701 7862 9301 3961 4090 3967 
5 7938 2083 7270 860 7594 4402 243 3348 7634 7830 4341 7834 1275 2972 30 
6 6848 8130 7076 4004 4681 6411 7531 6827 7438 2962 5716 117 5847 4893 
7 321 9188 6406 2599 845 8879 1844 2005 2936 7289 8666 7835 7899 
8 4772 4548 5516 4013 8142 1582 9935 1875 4377 1757 1919 
9 7267 3178 5098 6064 2065 7762 1044 6742 5944 2714 7069 415 
10 7429 5190 3270 3915 9838 3567 6193 2673 9075 373 3029 8792 8474 6524 
11 6048 3012 7563 4651 1068 9678 4366 4272 5099 6133 1884 6526 1951 
12 6054 7305 1097 5486 4914 2227 2324 8952 3065 6044 4509 
13 1281 9636 2986 4366 3730 8978 9876 3380 4855 4122 9403 5439 
14 9986 8549 4550 1639 9384 2447 3375 8788 9620 6840 9404 
15 4736 9348 2121 5135 7344 1937 5040 7220 183 6169 4764 7613 863 
16 2593 2277 6891 9021 4718 5775 2610 759 8343 7228 8509 7295 
17 2272 2150 3113 5546 6762 9868 9069 4461 8105 9007 4852 3476 9270 9563 6428 9981 1695 
18 2722 2919 8264 8711 5454 7342 9007 5682 7670 2297 1913 5695 
19 7937 4985 5859 1028 9287 6026 8907 4045 153 6493 2846 
20 7008 7425 3650 3874 5412 741 3782 5148 4527 4370 4668 
21 3108 8102 5768 4491 4848 5457 9906 3896 7568 3125 2704 6328 5307 7356 3709 8190 
22 8481 8866 1027 8994 8645 2118 1064 2476 9871 4561 7220 9654 3103 
23 4256 353 7555 7779 935 1256 7593 779 4781 2447 2708 1848 
24 7810 3203 3267 1125 9225 9035 2750 9293 3598 5172 8310 4602 3262 
25 2049 5507 2951 7975 1802 2346 3308 9244 2414 6703 370 4179 7736 731 476 3805 6686 
26 7845 6184 265 4060 2033 3761 3697 3251 8635 7639 4283 4124 1727 
27 9731 4488 9822 1224 811 1757 3342 8466 4467 691 629 5725 8990 4063 
28 897 7298 7782 298 8557 9968 2034 4343 3999 6396 3551 
29 7105 3843 4199 6184 3467 7535 79 3985 1362 9968 7699 8309 6938 5275 5244 3389 
30 1248 2818 1989 1033 5130 7593 3371 689 9334 5687 1018 511 
31 3012 2662 6826 9066 4315 3982 4592 3410 6742 7351 921 3451 9566 
32 2501 678 5641 6185 6991 7344 6799 2582 2647 5752 2331 
33 3808 9954 9830 2790 8134 2985 9642 4011 751 273 5010 8890 4667 1084 
34 4608 580 6917 713 719 7376 8021 4889 3736 3481 5086 
35 5601 5410 3720 5609 6218 8043 493 4685 4081 9459 6131 5492 1238 9244 6269 6718 
36 2240 6049 1474 4487 935 4522 8335 1680 4564 3284 4758 121 9019 
37 6722 8775 7947 6638 1552 1617 7826 8341 6677 3770 8063 
38 1923 503 7273 5673 9848 1774 6607 2800 7986 7159 664 
39 2240 5473 2466 4228 6534 3143 5233 3185 7219 2228 8918 8027 1054 
40 1314 1987 8931 2436 133 2247 9736 8492 3375 3280 2383 29 6258 2288 6043 5565 
41 3877 3591 2089 7245 3982 943 1647 7055 694 7287 3900 125 
42 6404 7461 8551 1032 702 9646 3278 8272 2545 3891 4022 3638 2555 8734 1343 
43 2145 6402 8423 7784 5800 2121 7787 3180 3504 7314 5620 9045 6873 4375 2745 
44 4162 5379 7302 5895 3783 5802 5644 3181 4557 5713 4338 9267 6295 4311 6398 8223 
45 7680 5762 6025 2060 7694 5006 2210 9638 3371 4147 691 6963 9527 3275 9293 8528 212 3553 9444 9576 5868 4855 
46 1409 3431 3465 2457 1770 5307 1201 114 7225 7547 2654 
47 2755 486 6374 1464 2463 4650 5917 4720 6354 9656 8730 8315 1469 254 1183 
48 5217 4197 3847 8711 7945 3115 6892 5645 7118 5679 272 4782 9618 
49 2848 2240 1673 5683 3060 7413 1526 3448 8378 2044 
50 259 9028 1832 3182 9231 2959 8558 8083 8981 7318 2073 7710 
51 7840 6628 2693 935 9482 7531 6029 5038 5838 5912 4913 2259 8049 6101 2680 6938 8700 1470 
52 8130 645 4838 1306 397 2416 1077 9909 1975 9529 474 5179 447 
53 5984 7424 3552 1861 9190 6570 2538 8908 7902 9200 7188 6042 4349 2622 
54 321 1445 7943 1256 8873 6858 591 1231 4436 7257 5404 
55 6144 168 5545 5726 1482 5228 5758 1134 4783 3282 3894 3671 4920 3290 7357 254 
56 4552 6024 7340 8332 4462 5199 6511 9330 6003 1746 9493 9106 4855 3736 3353 
57 4644 5412 3012 3626 8459 4362 2509 5326 815 9199 209 8431 925 2288 5401 4218 9725 
58 1728 6151 8969 6985 4937 8492 3149 1871 1361 7699 7764 6975 5113 4188 5439 
59 6656 3298 4669 7880 2987 2636 4781 7949 4816 4402 7354 2557 5023 
60 6375 2763 7403 4303 1585 9265 5299 9844 979 2935 1176 2649 4349 
61 1696 833 8610 8259 7652 1093 2054 3657 2701 6095 2512 2128 5775 4051 2288 3673 3227 9340 
62 9891 2820 9542 4391 9704 7274 3728 3828 6004 8826 8095 
63 801 2724 4327 7216 6832 181 7253 309 2717 1886 
64 6752 9126 7656 7369 8716 942 6350 2286 3982 6354 1462 7512 735 
65 6913 1668 4110 788 5780 3607 2713 5546 4785 2353 2234 7235 7631 477 863 7142 8423 873 2666 6901 502 4348 
66 6692 5162 6316 653 2927 6804 788 2390 7956 6938 3387 9278 
67 544 5114 5446 4715 9007 9393 5170 4947 2962 3541 2490 8158 
68 321 194 9029 7429 3911 6379 1426 692 372 8053 984 4090 7199 
69 9506 614 2695 1194 7020 5069 8174 2483 2166 4285 95 
70 1082 3494 6985 4042 1898 7981 1934 3025 434 7898 3099 4924 1598 
71 8641 2401 5763 647 1960 4970 5324 1007 5494 3512 3993 9336 3391 
72 1184 7234 36 5066 3020 8462 7375 1012 8981 4725 2072 6938 
73 128 7074 6043 836 2950 6987 4845 9429 7451 8508 
74 6080 3555 3205 2438 7051 6700 4368 7793 9426 374 
75 2724 1508 7364 2630 9545 5963 7440 9264 3378 1588 3032 3994 1052 8125 
76 2240 5444 389 8796 5349 935 9679 9615 1619 2070 345 9402 2009 3134 8831 
77 9792 6596 7652 4909 3151 8623 8434 3028 373 5719 2620 8189 
78 1537 8098 9155 2566 6122 2730 10 5964 1457 2520 6650 1534 2719 
79 6562 6180 9837 5391 1776 79 5012 116 2006 506 3899 
80 4192 8033 9476 9383 2218 6602 5451 3533 7786 5386 1712 6739 3156 1852 1725 639 
81 9633 2977 6982 5679 9745 5944 7413 1688 8121 378 5595 4093 4991 
82 3744 8547 3147 8460 1773 5483 2543 6674 1753 6613 3384 1945 7517 4927 
83 4770 6949 6504 1867 9070 6864 5938 7157 4477 
84 9505 7850 5962 8525 7854 8239 4781 7672 1178 2941 9374 7871 
85 5828 3396 1864 2249 395 2348 4845 9198 3797 3669 3674 9208 1178 
86 2240 7586 1283 3331 8994 7624 6506 6762 8620 4624 2869 888 379 6557 
87 770 4199 8552 3338 9899 4012 2670 9007 1680 2321 8530 6961 8886 1719 1880 4185 1020 
88 2240 8353 5862 906 6699 428 524 4846 7087 79 1683 5556 5044 8021 2486 4505 4959 
89 3360 2306 1634 550 8840 6892 5550 7153 8959 3539 9717 567 5341 1469 1727 
90 611 7876 9675 2892 427 4144 1905 274 7379 3668 3537 8150 5694 
91 5280 2051 7875 3363 3012 9287 6537 2954 6962 4952 2262 4120 4313 6684 
92 2784 4128 3521 6148 2085 231 5211 8720 1105 2007 2677 727 6521 1563 7899 
93 8326 1288 2635 1453 4813 8463 722 9716 7413 278 5303 2462 6847 
94 6597 3782 2821 6635 8942 1647 1744 7153 628 5113 5563 
95 3616 321 3010 7459 4291 7811 1638 9800 6153 3530 655 6452 7541 9206 4340 4028 3101 
96 8193 8994 6889 8650 6286 7057 4115 2835 2261 9558 4857 7354 
97 1792 6691 1127 3208 1769 5678 8464 9782 8470 7000 7451 
98 1 962 7300 1668 7 6764 6189 5391 1427 1651 6808 2523 7036 
99 7973 9383 6316 9103 2031 5874 1780 6772 7735 6327 7386 
100 8577 7905 4132 1413 1743 9328 7769 9586 2867 7572 7153 6808 2105 667 
101 9312 929 7200 8739 4574 8390 1994 3915 5298 3190 3485 5470 
102 3106 9319 7783 7881 3047 745 5180 2222 6258 4857 3482 5147 1468 1213 
103 3428 9829 8293 6410 7952 8785 724 3509 7643 5975 2331 252 9855 
104 259 3076 1502 9640 6441 9194 2813 5149 8660 949 8982 4760 4187 3549 5630 
105 3330 3842 7429 2696 4493 4126 5280 7228 3648 8770 2628 1865 7116 79 9040 6608 6101 6613 5848 8797 3936 8170 9968 7285 760 1145 5884 
106 5602 9445 8805 4904 1202 8403 2643 9013 3766 5302 2555 8767 
107 6369 1123 3524 6212 2022 9032 171 2476 8140 2673 4180 9814 4023 8406 7259 4156 7134 
108 321 3910 8134 7497 9610 3853 5902 4655 3539 4405 3605 6840 9661 
109 2820 5668 8422 1000 5449 5514 2315 5321 6063 176 2770 2419 5715 9270 8827 5948 
110 3877 6278 680 3017 3597 7887 8821 6773 3002 8764 
111 8352 5953 9189 8069 7047 7662 8911 7091 6836 9109 2965 2840 2555 6652 
112 6560 4352 9316 132 5220 7013 2121 7213 8045 79 9968 3217 9522 7732 5749 949 5748 6619 9534 
113 6021 8358 5030 8200 4456 5388 751 7474 3060 5079 2231 6299 4125 
114 609 6017 5187 1731 2 9099 6866 3602 7103 5563 7292 1183 
115 6690 5507 8612 4644 3781 1670 4809 9802 7691 9866 8265 7608 926 
116 8992 578 1122 2978 4453 8994 4702 5643 2477 5006 1971 2389 3193 7610 8670 
117 5386 7193 6554 2979 935 2730 8493 5295 7734 1336 1982 6338 583 7498 847 8786 2003 468 6613 7652 8424 8431 9842 5115 
118 263 3529 8795 2671 7762 2099 4437 6582 5241 6010 5115 2206 575 
119 896 1409 5122 3394 4129 9543 4776 1962 8460 8717 9903 8176 8209 7185 2555 8151 3001 1498 1339 3005 5950 
120 3353 9288 7721 3818 3564 79 8626 466 6290 7829 6581 9940 1337 9244 3007 
121 3616 9852 9316 5 5861 5285 8005 1097 9171 5715 7606 794 7196 6399 
122 4097 8387 1960 4459 3918 7887 4180 9301 3894 7416 154 3965 7903 
123 5926 7240 4362 6800 3121 2002 5296 916 7381 4086 4695 1043 1817 699 1884 8350 
124 7296 5947 3876 4871 6697 1386 2195 1079 4246 9750 8282 3643 2332 
125 736 5505 8034 35 4899 7622 778 5355 3982 6799 1143 3166 
126 289 548 5962 5099 3916 302 1263 4111 4023 9522 9936 9007 9783 2521 
127 3680 1665 1602 4034 1668 7111 9872 2097 8596 4053 1275 2076 319 
128 3584 2 9157 262 3111 8046 4943 7120 6451 3412 3317 4725 4700 
129 9090 7074 1986 8901 7819 1357 9583 5903 6613 5496 5599 
130 2978 7686 487 1576 9225 330 8134 1741 2258 8434 5426 4342 4730 
131 2560 7841 9026 8291 5316 3936 6425 6281 394 7978 5069 1299 3894 9401 7422 7743 
132 3137 9859 4326 5351 6537 813 911 4719 4466 7796 2933 4953 5819 
133 162 1765 9989 519 5099 1967 8559 8625 8337 9939 17 8722 5715 
134 6656 7427 1764 6469 8838 4229 5992 8810 4092 2288 4659 7285 8279 1178 8476 
135 9312 2113 3877 8392 1737 8552 6443 7276 6442 6414 2060 1200 4465 6537 6938 7762 6810 9659 9758 
136 1569 9890 6377 6732 5388 911 9487 111 2704 8125 2420 9209 218 7133 702 
137 7616 2752 7267 1769 4074 5994 8941 7694 1745 5681 1651 4278 758 1086 
138 8611 7274 4107 2986 6255 5138 628 3802 2874 3547 5372 8703 
139 769 8740 9796 9257 6922 9611 9165 9936 6482 8501 1238 2810 
140 5889 6594 6082 935 5196 9581 2287 6897 8850 5011 9812 9717 3638 
141 771 6056 2603 9776 9585 7857 9907 7027 6869 1590 3894 9977 6778 2942 
142 835 3683 8742 6602 650 6732 6062 2288 2962 4339 7059 629 6297 3932 7519 
143 2 772 549 5925 3016 6235 1486 6161 1267 2068 3827 315 2013 
144 806 1192 3817 4490 1838 3027 7732 6968 7131 5789 6814 6815 
145 2788 9861 4869 8870 1957 7736 6000 5586 18 1399 6232 1625 2266 7613 
146 3488 3105 4580 6393 7561 1162 366 3630 4400 7121 569 6334 2740 7607 6841 7036 8158 
147 4228 1894 9161 2891 272 8881 2995 6164 1427 5748 6105 2875 
148 9602 518 4136 2447 9680 5873 4084 4471 7417 3803 2495 
149 9664 3169 6371 7556 3110 2120 7945 8939 5615 9303 7865 
150 6433 3554 7684 6726 6406 2216 9990 9770 3004 8686 818 8723 4820 6485 4572 1117 5950 
151 6659 6051 6341 7078 8511 6695 4809 9518 5135 2224 9878 4985 6234 9183 
152 7904 4324 6692 9640 5449 6762 7499 7500 8043 1554 2228 4372 7510 8020 1562 6011 7452 6909 
153 6466 1058 8994 2279 5543 1980 7116 367 6268 7186 8212 2934 1946 4732 
154 5444 5637 7526 4199 9097 8242 2834 6803 4563 6134 4696 8059 862 
155 6208 3522 3074 8293 7175 9992 8617 8265 9774 4369 2962 1299 856 6170 478 
156 2016 4513 2754 3 5762 6758 5674 3758 7823 6738 1171 6644 8563 861 
157 4161 4801 5892 3877 6950 135 8936 2182 4842 8236 2157 3565 4558 2256 79 6586 7291 9244 
158 3936 9153 6818 4611 7299 3012 8387 8040 1260 8431 4850 8473 9438 8703 
159 2880 2656 5282 1864 3530 7183 6063 9714 8851 9075 8533 4854 7699 
160 294 6504 4777 6987 9074 2355 7252 9593 2555 3421 9439 
161 8576 5057 674 8027 7652 9418 5195 2029 2319 3602 2962 501 1846 9145 4955 4121 
162 3936 7937 2122 8845 5518 2511 7992 154 636 
163 1411 3716 2630 5895 8328 8426 7762 5971 1939 9619 5208 28 5437 127 
164 4770 1637 5701 2825 2349 2830 9520 6577 7415 4216 
165 8132 8141 5904 4721 2835 5075 6197 5943 8090 9788 6270 
166 1051 9066 4842 1036 877 3980 5872 2736 3344 4402 3830 6554 4699 700 5533 5086 9535 
167 6753 9089 9861 7782 5662 8296 2986 4684 2797 8559 4402 6226 7893 6103 5945 9307 5597 3486 
168 9218 6053 906 8620 9791 1298 4434 2962 2327 5023 9370 350 9919 
169 3969 6661 3658 2123 4589 7633 7762 3059 85 2587 4858 3963 
170 8574 1220 4933 1354 1200 8434 7315 3635 4691 1497 4765 990 
171 2 8163 4518 9800 7496 78 5614 6162 6943 4597 2133 3550 3679 
172 4096 6080 1668 325 1222 7022 1073 8147 8148 664 8089 1851 8284 
173 1507 4136 2285 7949 4463 79 2994 5460 9974 8279 634 9020 
174 4002 9666 5282 9256 6185 6284 1518 6415 2320 1299 8117 1496 191 
175 3713 321 9701 1866 6379 6925 530 5492 148 1686 1524 3032 8636 3197 5310 7454 
176 3072 7365 2024 9354 8107 9931 5583 8495 5812 7348 2644 5975 7960 1308 2781 5304 
177 4898 1540 6533 7012 300 9244 9614 4527 1525 3577 3034 2812 957 
178 1504 9219 1061 4422 38 3691 6932 8982 5143 2968 7611 2556 1055 
179 8837 3526 935 6764 9840 6579 3350 8502 6426 2941 
180 8832 8801 2051 3012 1230 6681 6705 5013 6518 9975 7993 1727 
181 9248 3968 6049 6371 5315 2240 1767 2025 1040 5173 9691 8284 3327 
182 9698 4579 483 9893 2759 137 6185 2155 2414 9139 5715 7158 1657 3003 4348 
183 2369 2 79 5257 5323 3596 6574 4686 2608 2385 3986 1454 980 7989 8566 9943 6168 2741 1117 1774 
184 5634 1668 2437 1299 5779 6675 8350 935 7732 3894 5176 3385 8766 1984 4805 7754 3540 4567 4314 2549 6134 2425 
185 4129 4578 4194 8778 6539 1806 8782 3376 9717 9942 631 6613 7706 2267 6173 
186 3074 3017 5497 5259 3628 6221 5678 2989 2286 9840 395 7699 6869 2904 889 
187 1537 6882 5827 4967 2952 6764 7311 79 9207 1340 221 
188 3233 7487 3366 6405 8714 6736 1297 2130 400 5078 8248 2714 1534 5375 
189 8352 4672 8512 935 138 1485 3250 1683 3444 7925 979 8503 7160 3801 9559 2559 
190 7264 7456 2595 424 8618 2986 8685 7280 3664 4880 6037 6070 4790 9366 6394 5304 8863 
191 160 3297 450 1699 8994 7848 5006 8143 7568 8146 6002 7220 9460 8502 3251 
192 4770 2275 2 3941 6215 4650 7338 6158 7151 2194 7762 7797 9558 4539 
193 321 9957 581 968 4042 8874 1263 7055 5681 3346 307 9842 9878 4313 92 541 
194 9988 4614 2665 7241 3883 7244 2958 3982 6642 9746 3252 7605 4917 3320 1823 
195 6913 5188 8203 8300 3405 5422 9293 5261 8945 4369 9233 5268 4054 7001 1881 
196 7968 833 3266 3877 4050 403 7218 3348 8178 9107 505 
197 832 6433 1348 6920 7049 4909 5869 9935 8125 3857 2258 9244 7453 2687 
198 3201 8962 1187 6375 2729 1546 5902 240 113 818 6258 6744 8507 3836 7709 8127 
199 3936 1890 386 4612 8485 1993 2442 6349 141 6797 5775 9875 4985 2783 
200 3360 705 8100 6116 3268 6183 6632 5609 8585 9709 2542 2866 4371 253 
201 9217 4504 4873 715 2124 2475 2353 1361 1394 4532 8406 7672 6138 8284 
202 386 5186 6213 7559 9066 9842 1843 1941 632 377 5407 
203 2433 1481 9419 4688 5043 979 6389 4950 7288 1561 2108 7133 2334 
204 6049 4194 9379 6149 7431 9898 7278 3151 4976 3313 402 6130 660 8462 215 2297 
205 7232 65 361 6258 9588 3316 790 7993 3385 3866 5182 
206 2784 7205 6249 809 956 3977 6091 6986 9197 2608 7883 2322 1651 3189 6458 7740 1214 
207 1664 3041 9698 1732 4840 7308 9548 9718 4477 
208 6464 5028 868 8069 4008 3755 4782 1140 2936 4126 2584 1564 8254 
209 352 2240 8200 1356 2605 9423 6322 2836 3700 1847 7963 1468 
210 3012 6982 9561 6429 7084 8748 4976 6677 4057 6426 9084 6493 
211 4833 8262 5703 427 9022 3442 2035 3006 4182 8094 
212 5441 1059 8516 7140 8553 6865 6134 4088 825 7098 7772 
213 2241 6660 2052 9926 106 6859 9492 5237 8854 505 9533 8415 
214 2208 3264 5219 3812 1343 7945 2761 5136 9010 531 212 18 1429 7165 4159 
215 5248 6786 71 4139 427 9531 3699 2645 117 7035 5084 7358 
216 1891 4228 7978 1227 5804 9773 6522 7949 6323 3572 9045 1017 314 
217 867 7912 6603 79 2576 9042 3411 5781 1174 1494 1910 633 4854 7709 6911 
218 2048 4901 5254 6054 4105 6730 5688 7404 13 8824 5295 79 946 5780 4823 3224 2623 
219 2720 2112 3010 6885 5544 7945 6347 3023 7218 5715 4724 5141 4282 
220 6467 3813 1640 8585 8168 8556 5517 8878 6639 2127 9487 6732 7092 8758 2296 
221 6817 9378 9285 8262 7239 8198 265 9608 7240 5612 7566 4882 7860 6938 60 
222 8128 4578 6499 3012 3909 3879 392 5899 9244 6702 9779 3420 5181 
223 4770 7043 9093 8139 2031 7183 9199 8180 4309 4919 1656 6201 8538 6780 
224 6465 9763 8483 580 2118 7396 1548 9848 79 6260 2229 406 9462 7700 6613 254 
225 5888 1634 3458 7367 427 6645 182 1815 5016 8729 5462 4892 6622 
226 1760 1920 4260 6628 1512 3274 7372 9181 3729 2643 3767 9850 3163 413 5119 
227 9408 5380 2340 4040 3176 8299 1582 9007 437 9402 6079 
228 2561 4803 1796 9637 3460 7652 8234 171 8532 5013 4950 3159 4180 7321 1018 
229 1984 9925 4583 1578 2253 9199 3859 4598 7575 217 2779 5145 
230 9505 1643 974 9968 7089 7762 9747 6933 9433 9370 9565 7103 
231 5728 4035 3300 997 9370 6330 8940 591 8722 6931 1721 4249 6522 478 1663 
232 3618 6402 451 7627 6669 3758 2459 1717 9913 1755 477 7423 
233 2816 450 7557 2310 4487 1036 5233 1746 3603 5909 9722 4571 6430 8511 
234 2660 7940 1668 3817 1705 7691 5193 3346 1330 9461 3895 6457 2492 7551 
235 8449 7586 5219 1892 8452 321 4716 9293 813 1745 7218 8721 153 1658 4798 
236 3043 2822 8138 7339 6349 5134 372 4309 5781 7732 2173 2815 
237 4130 7364 8325 5734 8167 3944 8490 3691 6413 7153 5234 883 7446 8604 3931 1884 
238 2340 8521 4233 1707 526 9615 6099 9723 6682 123 6845 4543 
239 1463 9187 4359 5885 7369 4875 108 622 5715 2356 4276 5815 7065 6683 5081 5660 5439 
240 5920 1697 1092 7204 5513 7306 393 4234 6863 3631 177 9043 6262 2135 187 4127 
241 1120 3204 3206 9223 4936 2697 2598 6731 9867 937 3216 9842 5631 
242 3936 6273 3394 4385 5284 4266 1067 203 8491 1905 2418 83 2359 5946 
243 7108 2694 775 6584 7501 4049 8180 7574 9047 3640 2294 3612 7454 
244 3456 2946 5667 2117 3111 4584 745 2139 400 5170 1331 1752 5723 1887 
245 1440 1729 1153 4931 3683 4805 5091 9451 1611 7409 9586 7667 4479 
246 8994 1284 4016 4401 4885 5976 2841 378 1437 2938 
247 7137 3586 5382 9416 2025 8619 206 3534 4981 2841 
248 5412 5573 7368 7211 80 7888 2354 5715 7003 6332 9149 2431 
249 3488 3008 5154 1762 8418 6213 9761 1925 5798 2721 554 4562 6547 7639 2555 4829 
250 4705 1314 5412 3365 4358 7270 7469 2446 9453 9168 6032 3090 4089 927 
251 8960 98 4676 8428 5390 6033 8914 4563 2165 4311 5308 7709 
252 8385 321 420 9447 1287 6284 2508 3758 8284 9106 1587 7382 9719 5786 508 
253 2370 5347 1095 1418 2126 6190 5395 6547 6357 3194 9533 
254 4864 3427 5540 9958 5863 7755 6319 528 1169 4149 8309 7413 8698 8542 
255 2624 5719 3719 2568 8523 5836 1324 2987 7438 1584 2962 9683 2039 8538 7068 
256 2112 5539 3688 3113 3789 2288 4850 3763 4119 1268 467 7703 1299 667 
257 7395 2471 9480 6186 5068 6541 8958 1520 1854 9590 7030 1305 5278 
258 4928 2689 3908 7238 8424 4713 2030 7510 3898 
259 4640 7521 5507 6055 2121 5323 861 2514 9939 2548 9305 5659 1081 5183 
260 9379 2971 1830 9593 473 8125 4624 6459 5913 9271 5017 1914 1787 6301 
261 1956 902 6054 8649 9007 5555 8444 4277 5654 4535 9464 2873 4186 2235 9084 7165 
262 423 5703 2505 4810 5052 6188 1581 4206 652 3371 3441 4178 4629 8854 6938 3547 6940 
263 6789 1765 4744 4040 4362 8140 9453 8782 7761 1276 2677 405 439 1882 8860 6685 
264 1668 1591 9641 3210 6956 2348 2414 6356 8885 1332 5627 1364 6074 8123 
265 1888 4065 5856 1050 6528 6086 4295 7273 4554 7883 6508 4474 1789 
266 4832 3 1252 4389 9414 6343 3434 5643 8684 7005 5040 6998 4087 1689 4442 4157 4926 
267 8608 8005 2567 8744 6536 455 427 7949 7762 2962 8059 9596 3359 
268 1731 2886 9000 2952 5130 2024 3243 9839 7155 181 6584 
269 7680 7172 4997 3877 4583 7016 41 935 8365 9362 373 573 9823 
270 4200 938 8461 3310 2127 7153 5139 4472 6811 541 
271 483 1924 358 6054 9130 396 7485 4274 5780 2392 9241 9019 3100 2588 
272 6021 9738 7536 3216 9264 1907 6580 2516 4566 8918 8344 3066 8798 6079 
273 7269 2885 905 1194 7438 2674 467 8372 9780 3768 9914 
274 7296 8193 323 5861 582 3111 9738 4846 3982 7856 1203 4377 6138 5085 4607 
275 6208 899 4963 2563 3719 6279 9610 4077 1903 2962 5333 7260 5437 
276 1152 1923 3173 3013 2728 7434 7852 3279 3762 3448 2521 6200 5183 
277 3650 8387 7079 4391 3111 3501 9806 3375 9107 4692 5877 7574 2712 3262 2845 606 
278 7489 739 3302 8198 8523 6668 139 7949 6007 3823 6805 5303 1435 2109 
279 4224 5219 4199 5416 7720 842 1611 3022 3311 4306 5426 52 8469 1942 9301 8861 
280 4545 3459 8843 5839 6832 2451 6071 4728 5595 1758 
281 8832 7361 2340 9414 1865 2616 8527 5232 8914 5715 8949 6200 3385 1403 2366 
282 67 3076 133 8294 8072 364 7762 3956 3892 4697 3033 8127 
283 5984 3425 8066 1956 9769 427 4430 7375 4977 2610 3547 5752 2299 1182 
284 710 8711 7371 3863 8141 3373 4910 3024 1198 6711 8990 3679 
285 7616 9478 2504 2699 2124 6735 6674 1778 8402 8083 8760 1534 
286 2240 7106 8483 1636 2279 9640 4012 7346 1206 27 7551 
287 673 5762 4027 1255 7273 8411 3313 7346 1140 6967 537 2363 5628 2077 
288 8801 1859 2981 6918 7240 8105 7023 656 3441 242 6065 1784 6358 9623 9816 6938 1919 
289 4384 4289 1216 8997 294 7493 616 6446 79 2613 4151 8410 3452 
290 6563 796 4360 1258 8919 7276 7984 2001 5685 5623 6202 9308 1914 
291 2305 6584 4008 3949 6542 9552 8690 1843 6547 5110 6263 4184 8029 
292 4321 3650 6978 9828 1829 4486 836 8994 321 6954 6798 9265 1268 7223 8282 
293 1889 6495 3753 458 7435 9772 3215 9551 5715 6453 4247 8248 8602 1180 5534 8543 
294 1186 8003 5641 4589 6573 6734 5904 9266 9842 7510 570 
295 8064 4706 6786 5316 229 2947 39 7973 1125 4683 2924 1779 4665 9244 
296 7011 4199 4969 5418 4555 8015 9968 4273 2962 1844 6076 6941 3262 
297 8705 7651 5669 9349 9996 8400 5715 4564 5174 2265 6267 
298 4993 8967 4519 4331 76 3181 657 118 7191 3894 9659 1853 4254 
299 5408 7427 2340 9547 812 5389 7632 7890 8562 756 1494 6553 30 
300 3269 3590 4232 780 1326 9617 2261 9847 5017 8607 
301 6656 9569 8453 9192 4168 5448 3051 2638 9842 5907 4500 5301 6452 5045 728 6299 
302 6151 9769 3948 7214 6938 1586 1555 3700 1365 4728 345 5818 5755 2172 6814 
303 6242 6596 4837 1510 4568 2248 1481 7369 6544 1144 1305 5851 4733 
304 8510 9632 1762 1731 2240 3494 5384 5769 3661 3982 5520 3856 2128 5877 2555 151 794 9211 732 7549 1118 
305 4345 3592 4937 3148 8653 5714 4531 2555 8952 4857 2331 7452 5886 
306 8808 7466 2379 8108 2861 7949 7731 7709 5790 7039 
307 7296 7234 5091 3782 3563 557 8910 6383 8880 3228 8532 308 5719 7448 5785 8827 1212 
308 471 4555 8750 8014 8406 2359 5371 4380 7582 
309 2564 485 2699 8972 6640 8658 3283 9268 9652 8915 6999 5748 9083 9246 1918 
310 321 5090 3428 7654 2953 2315 1007 7832 1114 3963 3838 
311 6213 6951 2443 1324 5899 7997 495 2127 6389 790 5014 9949 413 
312 9408 5441 4352 8804 4039 263 2444 910 8975 5395 2456 5949 
313 9474 261 8263 8812 1421 9327 8049 853 5366 5177 8026 1340 8669 253 
314 9729 1698 3352 3301 9575 2443 1774 6613 9911 8568 5080 2716 
315 5121 5378 9411 259 9545 4138 9579 1657 5554 6003 6713 5597 
316 6688 6530 838 7783 9225 7659 4203 2992 2417 5298 6613 8887 9437 
317 708 5991 7976 4231 2634 5064 9129 8491 9294 8143 6063 4850 9307 3004 
318 8644 6440 6250 2559 2957 3021 2999 3702 1398 9400 6234 4764 2367 
319 3970 1987 6338 2022 4171 6924 9199 5682 6934 5591 2040 2395 2783 
320 9217 4090 2787 9827 4362 2773 9526 8057 2969 5022 
321 6849 6329 408 5414 2918 6482 7863 696 3257 6301 
322 6176 8676 3945 5772 3469 1646 6030 5744 9232 5107 1462 4919 
323 7108 9894 8199 9415 9484 3758 5169 2961 7153 6489 1370 
324 4898 3203 4712 9129 8619 1838 3950 1233 8914 4863 3348 4284 5309 8414 5023 
325 1024 8129 8480 2467 709 9670 487 3014 1706 2414 2962 7770 6076 1534 
326 2274 1091 4900 2 8711 2216 7529 4363 7340 2288 8339 4724 
327 7040 3489 8834 6336 8966 7719 1962 6254 2896 5340 9398 9564 380 5017 8248 987 5116 
328 2465 681 7370 4172 4174 1136 1009 4498 6173 6545 1590 9848 7197 
329 5537 66 2184 3195 3980 1678 2962 2643 9622 62 923 350 
330 2756 4314 7500 2060 5008 4338 755 1428 3156 2911 8498 7256 7770 2815 
331 4673 3972 8169 2314 2288 849 7825 8499 4947 8920 5115 
332 5505 7849 5290 4814 4686 8656 5838 4469 949 2551 8053 2555 2556 9886 
333 3456 2685 2727 3385 5257 9545 4798 877 1580 3023 1209 7612 8989 4926 2815 
334 2240 3846 5162 5930 3310 8910 3443 4565 661 1399 4665 7579 
335 481 4196 455 7563 6891 9132 4751 593 7026 5521 8088 6014 
336 1795 5796 4650 9258 8125 7762 8086 5337 2557 8287 1727 
337 9632 5184 357 1384 9769 106 3470 8974 2288 4625 7411 3830 4923 8030 
338 6976 4034 4259 1988 5382 4649 941 815 8019 8983 5977 538 
339 1249 2850 5766 6087 490 3691 300 2962 5332 87 5849 5787 7807 
340 8160 5632 3404 7439 2013 4753 4438 4630 312 2138 573 
341 8192 9345 5953 6117 935 5736 2220 8528 4564 7864 8413 
342 6371 1255 7016 7691 3212 590 1294 3894 2361 5562 9979 
343 3523 6918 6311 1416 2217 4684 4045 9007 2672 915 5592 9468 
344 9921 4290 7013 9067 3019 2959 4082 1044 9301 2331 
345 4900 3691 4587 684 3436 2187 5715 5464 2043 5304 8317 1246 
346 4160 4733 935 9610 939 9457 5202 5073 1333 6393 8922 6941 
347 3936 4097 3362 226 8324 1348 1224 3982 2751 1682 7285 793 3452 8670 703 
348 7777 330 8555 6604 2712 3566 6763 3023 9395 3839 5910 5111 9432 2201 3898 8573 927 
349 4544 193 2983 5613 251 4497 4052 3766 3610 2843 5212 4157 
350 3137 4162 2852 6021 7652 2284 2928 6837 6261 2776 4283 7646 
351 513 4612 1052 1824 3745 6327 6584 1740 5839 6227 3795 6101 602 8671 3681 6245 5743 9968 1140 4214 5880 3836 
352 8642 1187 6467 1961 9482 1994 366 1135 9968 5715 3445 4661 2844 7517 
353 3936 2338 6467 8745 9866 8140 7438 1616 1489 5971 6228 887 4664 569 4062 
354 6241 4642 8707 1668 9514 2155 8716 2094 5104 630 8439 3293 1023 
355 9123 8710 9766 2539 334 5936 854 4407 3357 3743 
356 5441 5156 4521 8714 9067 4363 9132 1465 2288 3506 660 917 1496 5881 8667 668 412 
357 3808 7073 2240 3939 7652 2150 5288 7529 8779 8236 9519 7571 1460 
358 6529 9091 1861 3719 2378 3435 110 2288 7733 3836 2845 8447 
359 7104 7042 4644 4165 2116 551 264 1513 5445 3627 7883 2990 3028 991 
360 1571 1764 1799 7596 7565 6893 2961 3570 7473 4310 1527 8566 3830 445 
361 1346 1508 1541 1668 9543 8778 5611 4082 3443 5654 2839 3894 6327 6909 
362 6176 3074 1923 1635 5636 646 902 5799 2027 3437 7762 9816 6074 3422 4735 
363 353 8994 3076 2949 1158 4168 269 6704 8439 6361 7290 9947 7743 
364 4672 7297 1601 3104 2 7781 1095 7593 4957 9263 7344 1360 9650 6105 6749 
365 736 3521 7874 6054 8551 6378 6091 4687 3988 6997 3800 7612 
366 7970 2982 7881 8682 876 1965 9009 2516 4213 6004 5207 6938 1183 
367 5412 8230 9734 8710 8075 7851 5132 1211 283 8754 4661 7862 7866 1115 4254 
368 2144 6115 6691 6531 5412 4391 4685 9456 2962 2515 4439 9657 2267 5917 1081 
369 8994 3075 5540 1475 2499 2471 8200 2308 5962 4813 3439 6095 4079 6613 6525 8671 
370 8544 1570 5474 5412 9192 746 9995 6126 4654 6896 6926 8469 9533 7869 991 
371 7840 1792 7296 3395 6148 2280 9292 7213 9362 9779 7604 1978 794 4478 
372 3362 5795 8036 8484 3174 3271 3012 3081 1034 6510 625 6164 6743 7065 1789 4830 
373 6946 3074 4708 5608 5578 2540 7309 462 2161 561 2997 7353 5402 
374 2883 8773 3432 4393 6667 6894 252 1117 3222 2231 6266 3324 7453 
375 9025 5158 7658 7566 7153 6867 6165 7477 2615 5976 2141 9982 5535 
376 8032 5729 8599 7075 7786 8491 4399 3314 915 7388 9045 9847 1625 5916 7837 
377 4737 8837 6 9478 744 4345 2987 9689 3277 5038 7949 8882 4284 6226 7893 8310 6137 828 8319 
378 1121 8130 1668 965 5733 7083 6188 8862 1905 2741 4440 4761 6362 4862 6015 
379 321 4902 9063 9480 7689 7242 8491 9548 5298 7827 1431 5850 
380 5788 6844 9542 6055 6919 1002 3053 5072 561 6066 8052 6101 7356 7742 
381 227 741 5702 5639 7742 5726 2666 2158 9487 9968 7827 852 3668 5715 919 7413 761 8892 4382 
382 5793 9219 8645 3563 5516 6127 9135 6258 9875 2962 502 7511 1087 2047 
383 1761 4292 9284 4518 1159 935 7147 4428 2195 8916 9236 9430 9023 
384 6917 1927 7272 4664 6380 4304 3796 3318 1848 7961 8157 1342 
385 7169 3747 2790 8393 463 5008 9968 9074 9941 8085 7676 5885 2206 
386 8130 4504 8743 7368 9002 8817 9041 8440 7449 1786 5499 
387 4928 1825 3169 7237 7503 8432 6479 5684 7992 5114 
388 5219 4708 5829 7090 6835 3671 3672 1468 5564 7997 4895 
389 2756 8517 5509 8711 4360 2121 3115 9244 8655 1391 5905 2423 7290 507 8988 6237 
390 5473 1186 7970 2 6279 9256 8105 497 4307 2487 9528 250 4027 5436 
391 8898 4828 550 4326 935 1195 686 4143 1466 7791 3026 7251 5690 19 9007 4345 538 4732 7740 9887 
392 7617 7553 4486 7657 8493 7342 3696 7952 4722 9682 1748 4534 9209 8220 7517 
393 8420 2661 4806 8900 9224 745 8462 6736 722 659 979 4213 3894 472 7901 
394 8257 7238 134 9768 1929 8486 4299 9007 2130 6898 630 2326 284 2877 2654 4159 
395 321 8163 6147 8060 8969 842 9707 1326 1616 5276 8881 9014 2137 7196 
396 7750 3528 2121 2379 8397 2961 6035 4825 5273 1821 
397 610 6083 7236 262 2377 569 2130 7987 9017 6619 1598 5279 
398 4865 922 9007 8658 7674 7732 2327 4476 4154 6268 7581 671 
399 8289 1059 3267 135 8681 2121 6731 844 9422 4538 7570 8212 1146 349 7037 
400 6210 5160 9577 9386 7240 9901 1167 688 9104 6936 3996 8829 
401 3521 2 100 7142 3178 5326 6193 8466 87 8312 6457 3034 7580 
402 8064 2981 1414 2533 1032 1929 139 4588 6351 4144 79 2867 8119 924 543 
403 6048 1313 5825 3331 4105 5641 79 2672 6901 5656 3610 5243 8188 9533 
404 641 2 9859 9604 4104 5291 3660 8716 5359 306 6899 1845 5592 6617 4541 8830 4607 
405 1763 5675 4429 5262 3055 7120 7793 9530 2203 7388 5022 
406 321 3074 5412 3046 5543 2059 9358 3150 8624 1525 1592 3833 7164 
407 5089 2402 9027 321 4133 2086 9481 5033 8042 141 2030 9007 1682 6451 7030 3032 6168 
408 4544 2434 8387 6276 6 3079 2633 9386 7627 6540 5651 3957 2041 
409 3651 935 3983 7471 9459 1143 7319 4408 7996 6909 319 
410 1279 7527 2663 7435 9484 2828 397 7504 9619 1043 3830 9047 921 9245 5023 
411 4417 409 1515 8272 1877 6101 8567 7129 7611 1084 5239 
412 1635 8068 1668 5578 4524 5550 79 7890 7413 54 763 3389 
413 7970 6275 2342 1994 9968 9234 3955 8790 7416 9498 797 6360 
414 352 4930 2 5126 1542 1386 9391 9968 6356 1590 5623 9112 3897 8796 253 415 
415 8768 4645 9822 6634 8907 5292 5452 9903 6033 6996 2011 1564 3742 
416 7168 8481 8327 6407 2412 2638 6831 3246 1295 1774 8437 
417 193 5443 227 9862 4039 9896 6217 2541 5552 2833 7699 5945 8185 5567 
418 4933 3433 2860 9934 1199 6098 9299 1461 475 1019 5532 7069 4191 
419 3810 9592 9509 6584 6121 1560 5962 4044 2733 7059 9045 6613 1624 7066 9310 
420 8416 2843 9062 8586 9199 8210 916 9366 4855 6040 1883 9148 2910 
421 2240 4354 3620 9465 5445 7720 906 7983 370 8050 8275 6457 7582 
422 7456 257 226 2240 2408 2345 6506 5962 3405 3181 7697 1457 6388 148 2615 7836 
423 5793 4834 8517 6534 875 5631 1678 593 6675 3605 4119 2137 607 
424 7296 5345 2240 5763 5478 839 2919 4874 2582 8470 4312 4314 3291 7261 
425 9382 6854 5319 9607 5770 7562 3340 2986 7154 9396 9148 
426 9634 3715 676 4418 3203 5448 3977 5738 1037 9204 8852 4055 7736 4314 88 3005 9823 
427 9178 8421 4038 1305 2472 2984 6602 6534 8908 7762 2070 2935 3032 6681 2202 
428 3716 7652 8806 5350 935 5355 2444 9966 2158 3758 4529 2962 5652 5428 6324 61 4926 
429 5857 2275 3655 3662 7408 7153 2962 5427 8083 7797 8214 4180 2200 
430 8768 2176 9733 4837 8583 328 1291 2539 8717 5457 7153 9139 8984 3097 
431 4161 1034 4396 9424 4529 2006 631 5814 1145 8406 8412 2302 
432 6048 2338 1479 457 8938 8298 9290 2701 9007 2384 819 8084 1270 6648 2269 1085 4606 
433 9571 6116 4901 935 7208 4523 6672 4017 1969 3418 8635 2268 
434 1760 7811 8708 1668 6856 171 5935 9200 1650 8850 2643 2998 8183 9244 
435 6752 4673 9793 1701 9478 650 7052 7949 6926 4944 9584 9842 2837 7641 8988 
436 3840 515 8739 4549 447 7978 9034 1900 5105 7634 9113 6143 3132 8125 2590 3199 
437 8448 4424 3657 1834 6825 7179 4621 3822 336 4564 4599 8028 
438 1568 5384 4201 6538 1451 2156 4108 6448 9143 4245 9398 4599 4155 
439 3489 6978 3012 1579 6124 9292 5615 9842 8468 7350 3192 281 2363 3613 2302 
440 8512 1955 2470 3592 447 1102 4206 4976 6709 6613 5433 1691 1439 
441 3777 6433 1979 5222 7495 5866 7252 7127 1016 3994 1787 1756 2747 
442 5664 1474 8997 2150 9833 8268 8784 8689 2034 5747 6547 9398 5598 
443 321 5189 6855 3977 4459 9244 5742 4847 9809 6289 3381 4502 8854 1851 8316 3453 2143 767 
444 353 9572 8644 9449 8715 2092 4011 7278 1233 6865 5047 9115 9887 
445 5794 6212 9797 2884 9576 521 8136 9710 5134 1075 3955 9141 6454 9815 8058 7292 4639 
446 8355 9955 8683 7883 1402 5070 4752 6190 4602 1235 4594 950 7126 1978 2555 3453 63 
447 8224 5058 9443 8357 7112 6985 6090 3982 8822 5177 7675 5823 
448 5634 7651 2852 3214 5838 7696 7697 3760 8049 6613 3480 8826 
449 4194 5218 3012 2758 5065 4362 6490 7949 1583 9011 5302 152 7226 7804 1628 
450 2432 995 5412 678 8780 3822 4078 1710 9054 2962 3445 5020 7805 9214 
451 864 7298 1534 2185 8618 3862 246 6840 3609 6203 3199 4318 2431 
452 8257 2882 611 7268 321 122 7593 1740 8942 2320 2929 979 5173 7738 
453 5856 1984 4386 2240 9351 395 5943 6221 978 6739 5940 7699 6102 4310 312 6134 5715 3894 4511 
454 448 1024 6881 588 268 7949 8687 2737 9459 8724 7540 4377 1531 
455 7360 3352 36 3019 8844 1518 7696 216 2713 3227 7004 
456 3074 9636 3847 2664 6025 765 1963 4824 912 2962 7768 3098 9787 2461 
457 8736 6502 8998 4134 4073 8042 6572 3247 2868 4660 8794 5748 2746 316 
458 7232 8928 2240 3427 5003 2126 9648 6387 1652 3605 8795 3708 5150 1215 
459 1766 10 2316 1484 3566 7120 5170 2802 7699 3351 7256 8316 8062 
460 7968 674 7750 7117 5934 823 5168 3505 6894 79 1117 8247 3835 4253 1663 
461 8932 3398 9452 8624 8880 1202 882 9652 8380 1907 4311 3894 6011 7580 
462 2400 2240 7651 6758 8902 7657 9483 3566 2318 687 6129 2194 1203 2962 9968 5144 1241 
463 6392 321 3908 8745 6666 8652 4749 8213 4440 4058 
464 6630 4585 3850 6957 1390 2287 3407 879 4082 5458 3486 
465 1224 8855 75 4559 8687 5425 2450 7539 4816 7699 2550 1527 8476 
466 732 6467 231 4169 6655 639 5232 6483 1336 1532 5278 8895 
467 737 7521 929 6495 9453 2158 3473 4594 7159 4953 2843 279 574 5055 
468 5762 836 5925 1668 6503 5961 670 8556 8846 1169 817 6835 2643 8885 8889 2747 4318 3135 
469 8193 3074 4963 2 7303 3656 6506 4587 5003 1549 2290 1107 1080 1593 
470 3584 6145 3044 1668 7464 5962 5547 9841 9393 627 5234 2518 2551 2264 1087 4703 
471 8001 9828 9417 8331 7597 3376 7153 5842 4211 5621 9302 4503 5855 
472 8289 8994 3011 4231 6795 5677 1135 5117 627 1496 7802 509 4959 
473 4258 9991 2664 2570 1708 3927 9652 4244 84 4503 7547 3711 
474 6305 2179 9990 4360 3016 2568 5880 212 7767 3480 8090 7611 7773 9631 
475 5312 4450 2114 3976 1610 8442 5037 7470 2830 816 9778 7732 2261 7706 
476 8418 8196 2820 4070 1482 7959 2189 7673 3470 7665 1105 5715 917 6486 7926 3737 7805 
477 1440 9184 2 2340 2885 6214 1605 551 137 6534 8715 7652 9135 4592 1778 883 3259 3965 6303 
478 9280 9954 4195 4933 9159 3227 4749 1773 6863 3567 529 4340 1749 379 7197 
479 7712 8387 4902 4554 843 7021 4344 764 7102 
480 4544 4352 934 7241 329 4844 9488 1872 1584 8436 6776 799 
481 515 2115 7941 2342 8612 8293 48 9491 4278 1687 7067 
482 1122 2596 260 1383 3305 8363 8845 9582 6543 6413 8017 8244 8117 7255 
483 4512 3297 6818 9738 7627 5772 5652 5399 6296 1849 5049 220 7454 
484 2466 1541 6950 5066 8650 5867 8061 7347 6995 3158 5274 733 
485 9305 4832 2434 7883 7641 5581 3609 9809 2643 1876 9493 1652 3289 9341 7327 
486 6881 6690 321 7207 7560 4586 9290 5901 9549 5071 3698 6547 276 3732 3796 2422 8125 
487 2400 706 3331 707 6984 9065 1642 4265 1935 1520 2288 7000 888 7285 4632 
488 9923 7751 6696 2251 9201 9874 3891 1269 4506 6747 8190 
489 1506 6663 2986 2927 4209 434 4275 209 3826 5086 7775 
490 4833 8546 4643 7553 7685 3074 8681 5865 8459 3337 4717 6765 4336 6680 889 
491 8860 321 1667 6727 168 8681 2537 2540 6348 7948 8188 8912 1105 2226 6452 2645 9820 8735 
492 8099 964 1639 4649 3817 8011 2666 4366 1134 7536 2099 9335 
493 8323 1733 1623 3271 3015 3783 427 7245 213 4438 4471 9533 
494 3777 4546 5443 2692 4613 5412 5815 2351 1839 4183 7160 697 6940 5183 
495 2019 932 9638 5131 2572 5997 4078 9358 7153 5682 6451 6899 8757 6613 2650 4411 798 
496 259 1799 7274 9930 3660 4845 8045 4815 3027 309 1398 3894 9432 2299 
497 770 5219 1030 2377 1450 8170 3052 7374 7602 3252 6230 312 3578 6716 9533 
498 3320 9443 6501 2730 1325 6222 2031 442 1262 1907 3895 8792 183 2426 155 3005 
499 7493 8264 1704 6606 8431 48 5393 2453 6680 6490 2107 2783 
