100
0 4227 6 138 11 14 24 281 25 152 6045 2334 34 6052 176 49 180 949 186 2498 709 4040 4048 2899 6614 1368 3160 91 97 104 3053 251 8949 505 6779 
1 1416 1290 1931 6156 1037 2315 657 533 39 428 57 4929 66 1483 75 81 209 1108 5205 215 5855 4448 225 1375 2029 238 750 118 379 
2 135 7559 137 138 1932 1165 19 916 2456 27 545 298 7473 2609 444 64 448 197 1991 968 2634 3661 81 213 2780 221 8672 480 227 231 104 106 362 2415 7672 762 253 
3 6 9607 4361 142 143 401 546 1958 1065 5165 304 1841 2738 179 9906 9138 698 4032 323 581 971 470 97 1123 99 356 7924 248 506 125 
4 257 10 908 13 12 1679 17 22 152 31 160 34 43 46 562 308 183 57 192 323 3654 2894 78 85 1628 1635 488 1257 119 637 
5 0 1 2 3 4 5 7 9 13 14 15 16 19 21 23 27 933 3110 168 3881 41 44 1966 303 2478 1209 2498 199 4552 7497 75 5197 599 97 5863 362 8044 116 117 
6 1288 10 12 268 2191 5519 145 2067 3349 26 28 1310 1314 419 5803 6064 176 6329 57 66 72 7624 3659 205 1362 83 853 86 92 101 106 2805 122 507 253 
7 0 1 2 4 6 7 11 398 6031 4752 15 1296 21 30 31 1315 38 807 167 41 170 303 176 50 51 948 5429 1590 63 66 74 331 848 3548 485 5222 4848 118 119 380 
8 513 135 9085 275 6555 283 35 42 9262 815 51 1588 179 4152 2491 2622 3774 5186 1735 77 79 343 87 1754 2014 487 3179 2928 3059 500 118 125 767 
9 0 1 2 3 6 7 9 5641 138 15 656 19 20 2973 676 293 297 938 174 52 951 55 187 6729 88 6234 219 1756 2652 95 9442 99 101 232 122 123 
10 0 129 2 3 4 5 1 7 8 9 652 12 15 28 4386 37 38 934 41 44 5170 3252 1079 56 65 200 715 1361 93 94 3430 119 
11 2433 7 10 2060 14 399 24 25 158 30 3358 1571 43 1967 48 946 2611 61 70 72 76 79 465 1495 347 3164 477 1758 356 1509 234 6126 633 502 505 
12 2688 129 130 5 393 10 138 12 14 7182 3983 19 533 790 22 1310 32 421 678 3751 168 554 301 2990 48 51 1973 439 1082 192 1481 207 979 595 1502 878 879 245 506 
13 524 1424 6684 6558 1951 1318 40 43 48 52 56 3257 184 2491 71 207 851 600 90 99 355 358 230 2282 1642 237 8688 1010 7027 2169 252 
14 898 3842 140 1681 153 288 165 9894 40 1704 3243 3632 5059 68 1477 708 71 338 8660 3417 2268 1116 220 92 3689 2153 107 110 4974 112 8055 7676 
15 521 265 1290 3345 3858 4500 6044 160 1570 165 168 300 49 4146 7734 59 4928 69 85 1880 345 858 2143 355 3429 230 3561 239 241 375 
16 256 1027 270 1811 20 276 916 25 156 417 35 291 1579 44 1709 1207 56 186 2751 450 195 456 725 90 481 6630 3950 7791 9843 506 
17 0 1 2 3 5893 5 7 8 10 7818 11 14 19 20 21 23 665 285 797 6049 34 42 1710 435 4278 186 3900 67 454 3274 346 94 96 759 
18 5634 138 11 267 16 17 18 20 27 161 34 35 33 162 37 39 2222 50 55 60 66 452 583 202 77 4302 213 731 221 608 2657 355 613 747 1395 628 251 
19 128 131 2564 271 17 18 1685 3861 1658 4120 154 30 297 298 47 48 1333 56 1216 704 1737 333 82 88 1114 354 100 1900 3447 250 252 3455 
20 0 1 2 3 4 6 8 1290 15 1168 17 148 20 406 26 158 2979 676 35 41 49 9798 712 1481 206 336 9562 989 105 107 1005 3317 379 1919 
21 5120 4482 9 10 16 275 3989 23 4247 34 1828 1452 174 947 567 58 3648 4162 325 70 583 457 6480 606 95 1506 611 5604 750 244 1271 1407 
22 0 1 2 3 4 5 6 7 1290 11 22 24 28 157 1310 933 5926 40 168 173 47 49 822 442 66 584 458 6731 205 462 89 96 230 2045 
23 0 1 2 3 1156 4 5 7 8 6 129 11 138 17 1042 19 2579 152 26 1948 28 1438 33 35 1152 39 1959 6698 1967 50 53 55 5834 233 107 3324 
24 0 1 2 3 4 2051 6 391 7 8 9 11 9742 16 2451 23 799 1184 1697 34 35 8114 179 50 1591 5566 62 6348 719 3796 121 4452 2282 108 112 632 1913 8702 2431 
25 0 1 2 3 4 5 6 8 12 1293 13 14 2191 21 22 409 36 807 952 1859 74 1482 9677 463 1490 342 2264 226 106 109 2546 757 249 127 
26 515 261 778 138 1420 9613 6419 405 156 157 286 8735 5150 3110 554 1068 301 435 181 183 826 1852 3775 63 65 3140 71 846 206 4560 592 9424 5215 244 8309 631 8184 2297 1019 255 
27 6 8 9 10 11 12 2960 17 20 23 24 3097 411 155 29 286 32 2848 37 295 47 5812 53 57 60 3389 574 63 1345 3266 71 1225 2769 212 468 1495 984 601 2148 105 240 1137 119 
28 6785 6 135 264 10 11 12 13 14 268 16 655 22 23 2968 6424 544 7971 557 180 63 960 709 842 332 1741 975 209 217 91 1506 1000 232 1263 114 1140 1917 
29 129 9225 141 659 154 5791 289 8486 554 46 302 48 176 819 57 2746 1214 64 3528 78 82 211 214 215 349 223 98 229 238 5617 115 1015 
30 2048 1026 5 134 6 9 10 14 15 145 914 2967 24 29 5792 288 37 6696 41 170 8875 1963 431 1583 51 314 62 196 968 715 6097 2522 1754 4325 8938 2156 117 121 9471 
31 130 258 2576 21 2329 27 156 31 33 34 932 7590 8103 38 43 2486 59 318 321 4299 77 337 338 85 88 218 619 1008 374 
32 0 1 3458 3 4 5 2 645 7 9 8 900 4364 15 272 17 18 402 148 29 161 5921 37 554 44 301 51 309 55 830 2882 67 1865 83 861 225 105 121 1150 1663 
33 1414 12 2444 14 15 19 20 22 539 28 31 32 419 8488 6697 940 5294 3119 5167 2233 188 60 961 73 7373 3790 980 602 7387 91 347 358 231 3563 3699 1011 120 509 
34 0 1 2 514 3 4 6 7 8 395 15 16 18 19 3097 155 412 1446 176 817 51 4659 54 57 62 1089 322 3140 69 1737 587 1233 594 1372 866 6755 106 363 6130 371 126 
35 128 259 5 4613 7 137 10 15 529 25 27 44 49 1074 52 55 186 316 2239 4164 836 471 344 89 476 96 483 5221 114 1909 763 6012 1150 
36 513 1027 134 7 5005 3730 406 280 25 27 2591 33 161 39 41 561 179 51 67 199 328 714 4051 469 353 99 1127 105 1388 5361 6137 1532 
37 130 6662 10 4362 151 24 27 36 2983 1576 1959 3500 45 2096 816 185 1985 706 7367 73 1097 1100 332 76 1748 87 355 102 246 1021 
38 6284 659 23 29 161 1062 553 302 46 945 562 182 1337 447 65 67 69 70 4809 1106 89 346 1370 222 100 360 235 108 4221 
39 0 1 2 3 4 5381 6 7 8 9 13 21 25 26 796 546 169 7593 56 189 701 322 204 2128 94 1251 99 3813 750 118 632 
40 1027 10 7181 14 7055 16 528 27 156 1310 161 803 167 5546 173 559 50 51 308 54 7481 57 700 64 194 715 76 7117 1627 3044 359 363 113 2423 9593 766 
41 0 1 2 3 7 136 8 10 11 268 2062 20 21 25 2458 410 287 1706 53 1595 2883 456 82 83 5724 9566 619 116 2683 4859 
42 4225 516 7 137 11 12 908 1039 655 18 19 23 280 27 284 669 29 33 5154 1058 36 39 935 44 9519 561 7347 7606 62 331 210 82 595 214 86 88 218 2153 490 247 250 3198 
43 5376 1035 397 1552 16 798 800 1056 7712 1443 7589 679 1704 170 5038 176 689 52 1721 1598 1215 64 3395 591 336 2261 6229 216 856 1503 1510 2152 112 6258 1397 6655 
44 256 133 135 2951 650 2575 146 2196 3604 5014 151 1051 2076 158 1826 162 164 2853 2091 46 2743 56 58 1213 65 195 197 1610 202 332 76 719 1106 214 348 2785 102 109 112 498 4089 
45 1408 134 265 785 6035 6423 409 27 29 415 162 803 1190 1958 47 1333 314 446 1988 325 708 3016 1993 74 1866 73 213 93 231 108 237 110 3317 121 890 124 
46 644 133 8585 267 1932 654 1166 534 151 919 414 40 425 1066 438 445 1474 1091 708 202 970 210 83 1746 7135 739 228 4581 103 104 6005 1142 122 
47 4738 2818 135 5388 140 6671 7313 3860 404 671 547 174 1461 1209 58 446 1857 75 3406 1618 2260 470 344 2264 4191 224 2143 614 102 109 112 113 114 1521 2038 767 
48 0 1 2 3 4 5 6 7 8 9 2825 11 138 19 25 27 28 33 35 8616 300 2863 55 74 79 4821 218 1371 5728 96 3684 103 2920 3692 1260 366 248 124 
49 0 1 2 3 4 646 8 138 11 8973 14 272 19 23 24 3097 28 29 7970 419 35 3236 7718 1959 297 42 51 64 88 1752 9957 235 108 118 6137 123 
50 4864 4995 2184 1147 268 4761 26 25 29 31 32 159 418 33 2227 827 455 968 1482 2126 6354 1620 1624 9952 487 251 124 125 8702 127 
51 0 1 2 2818 4 6 7 9 13 14 17 9234 788 21 22 23 24 9365 27 28 159 288 33 45 63 1728 1989 966 200 78 8783 334 213 597 725 4705 2410 2420 508 4606 
52 384 8 9 3849 397 2190 2702 145 2327 26 30 1950 1954 676 2088 3761 310 4025 1601 72 1482 1361 467 724 7895 859 225 229 105 365 239 6001 6514 753 243 248 5625 381 
53 0 1 2 3 4 5 6 2052 136 9 8 11 12 13 15 17 18 19 1428 21 22 23 1434 161 2218 171 8629 187 62 8512 724 2262 2135 3038 100 236 114 243 251 
54 7 8 10 780 19 21 4757 4632 793 26 541 290 36 296 3881 44 2477 4914 308 1461 182 1721 442 962 196 329 330 723 727 92 3424 1506 358 231 1384 114 243 628 8692 2291 1272 127 
55 7040 6149 262 20 2965 7062 791 8729 412 2078 35 167 173 946 1459 52 4281 5051 8766 463 208 1106 1246 1502 2913 2402 3815 239 4850 
56 3715 131 393 1035 524 14 4371 4244 278 5526 28 5276 32 5795 933 3756 49 181 54 58 60 191 320 2247 1866 846 1235 2264 89 1502 490 250 1136 880 762 1278 
57 130 3975 652 4238 16 797 30 32 33 3751 5161 299 2348 3893 565 4791 313 6074 9017 188 580 69 454 79 3151 209 3033 740 103 105 3692 110 
58 128 134 4104 264 9 138 8076 909 14 396 2955 148 24 35 4133 550 936 2986 175 437 1077 55 3768 2619 70 329 1866 73 6604 4685 89 5850 224 1378 99 101 1902 760 4474 
59 769 3843 1412 902 6408 2187 1429 22 8601 1566 31 37 167 2479 64 65 1728 323 585 75 203 82 725 5333 216 93 6238 225 111 1264 1011 2295 125 127 
60 8450 9 20 413 159 2848 675 37 38 5158 1065 425 169 431 1842 3126 57 58 61 2371 68 1604 454 70 4551 83 3923 4435 87 90 94 478 351 738 1378 1767 492 4207 8315 
61 8586 12 13 2961 1815 28 31 1442 35 1572 422 38 553 41 44 176 179 181 321 2759 9678 214 215 1626 351 2147 1511 2795 365 248 254 
62 259 6 7 9 138 13 15 147 277 22 25 539 7195 1053 3488 928 1571 37 3879 2475 178 182 6847 3400 205 80 211 83 216 90 120 95 5731 497 245 248 1017 510 
63 129 137 138 907 6412 144 1041 2334 7977 45 174 56 58 8131 8516 582 199 1991 327 842 459 583 968 206 81 7764 6229 1239 1882 607 7776 8801 3299 9574 3313 3444 252 
64 898 2306 899 9478 139 412 1183 32 6949 38 2343 168 551 42 299 810 425 174 452 8009 6092 77 461 1360 83 342 472 3032 219 357 1128 116 
65 514 392 11 20 26 2460 29 818 55 3769 60 62 319 66 8518 5196 589 7122 86 862 222 97 1377 3175 3946 106 8428 2413 120 
66 6656 131 1413 145 7316 27 7325 158 29 4001 292 37 47 8116 54 59 1087 65 67 1865 845 462 3535 976 343 93 2142 4319 866 101 7658 875 124 4350 3839 
67 0 1 2 3 4 5 129 7 519 7687 3975 779 1671 14 15 18 19 2195 21 2706 25 27 28 157 1956 36 38 39 1843 3767 68 1863 2132 1623 229 3689 375 891 511 
68 772 132 653 9359 1296 4630 664 1566 159 33 6820 37 40 296 41 302 7986 309 55 5689 328 2507 82 210 1876 2904 475 1889 98 1894 4838 371 117 760 377 
69 2177 388 5 6 7 9 10 141 13 17 18 276 33 1061 1446 427 54 1593 58 57 63 3520 7231 73 1883 1499 1628 1119 358 3561 109 6767 8180 245 756 119 762 3710 1279 
70 266 779 2059 2836 26 1824 1699 804 296 40 688 5431 60 62 65 4674 323 6979 205 4942 8272 2134 6748 349 97 1262 239 111 374 125 
71 768 257 903 2696 9 906 1671 13 15 17 18 147 6166 22 3097 2078 799 34 165 37 169 170 42 172 1456 1073 54 1334 75 590 98 105 255 
72 138 2195 20 26 2473 2859 46 2094 51 180 54 313 60 194 67 324 327 1353 332 6094 84 91 103 1384 111 755 3828 7797 246 248 
73 10 6410 12 2060 15 16 17 916 404 23 37 172 46 686 309 57 9794 197 69 71 4680 3528 1866 589 1232 3166 95 224 609 99 5479 109 753 115 380 382 
74 0 1 258 3 4 2 517 264 12 13 142 16 19 659 21 22 275 148 418 36 40 8365 3502 6450 435 1332 184 1210 58 1979 64 9295 2385 992 612 234 621 625 1401 126 
75 387 260 2445 5390 1424 400 158 415 546 3362 35 168 3244 558 49 51 179 195 334 210 2392 1881 993 2022 1895 1387 2927 239 117 1017 6270 2431 
76 0 128 2 3 1 5 6 129 8 900 10 11 2060 16 17 6288 22 27 3228 155 8095 34 35 39 43 556 45 47 48 305 455 3279 867 869 103 108 245 
77 134 9 10 651 12 16 273 18 19 20 8466 8733 161 4138 433 1593 447 68 197 69 75 76 78 207 81 2517 222 1888 2657 5350 1130 236 499 244 635 2942 
78 2568 12 1677 14 15 13 18 20 276 1686 24 25 32 422 44 45 46 429 49 77 1105 218 122 2664 3700 885 375 1402 4477 126 
79 3969 260 1671 12 5773 142 912 5520 8978 277 152 27 34 47 1201 1459 436 8244 3894 1975 53 4793 4023 62 1601 2886 2377 847 4048 733 997 5350 233 240 378 
80 4 5 6 4618 14 4241 1044 24 34 5797 39 7591 5801 43 1837 49 51 52 5688 63 3784 3017 75 2014 378 372 117 4858 
81 2819 131 1544 527 144 4625 151 24 1432 26 667 552 2601 170 45 53 824 4157 1216 9793 582 5447 1750 5207 1882 860 735 743 103 107 622 2414 632 4857 122 764 
82 128 1671 8 137 138 143 9360 26 155 2078 4514 163 5417 42 8241 1077 3895 825 187 61 4801 67 707 841 1610 602 93 7774 2014 610 3943 8427 492 1906 242 4597 247 
83 131 2052 6 9 139 144 147 9493 24 155 3244 45 941 1582 173 2098 50 54 7287 59 6205 200 76 8401 91 3293 742 2791 3056 116 118 503 890 
84 4096 1921 5 776 137 12 17 21 3222 154 28 30 926 34 2469 38 42 44 50 53 1080 58 198 1737 204 333 340 88 5084 5597 2147 233 8044 3949 2542 4347 114 5490 1269 885 6523 2430 
85 4 5 8 138 13 14 4240 2065 912 25 412 31 38 4390 40 1449 176 53 56 59 69 73 216 217 90 475 226 3559 2024 114 758 120 121 
86 0 2 2051 4 5 3 7 10 11 13 21 23 33 1318 9514 2987 2221 1340 77 79 9041 218 1757 351 96 1121 98 227 485 1896 238 500 
87 256 8704 774 648 16 19 150 3478 2840 408 159 2848 36 551 4009 298 557 173 6702 2992 1714 60 445 62 64 1862 74 7373 976 209 3926 735 1765 489 112 1266 119 120 1147 
88 0 1 2 3 4 5 8 6025 12 17 5778 19 21 24 26 796 29 672 38 169 42 45 1583 47 1591 68 3915 92 1503 7777 100 869 1263 117 
89 1 257 8579 6 4618 267 15 16 19 281 3354 538 156 28 669 30 169 682 44 178 60 3137 837 3526 199 72 6087 1861 75 968 206 726 87 2527 2019 4971 112 498 636 
90 899 6 519 140 13 1165 16 17 2581 26 310 953 60 63 67 69 72 969 4171 975 81 1363 212 2516 350 1504 97 229 3560 1260 1653 1782 122 
91 0 1 2 3 4 5 6 7 6018 651 12 11 142 4370 19 663 8088 407 5275 2591 164 3244 2477 48 817 49 4148 55 443 3003 60 327 84 473 859 2665 111 112 114 
92 0 1 2 3 4 5 7 8 141 14 399 20 21 4630 24 25 1054 30 549 40 41 50 2360 68 71 585 73 715 475 3676 364 8948 121 8444 
93 4994 645 3209 139 4620 269 5902 2198 796 414 2852 36 549 6952 172 307 183 57 186 1988 3525 5446 2509 82 83 597 87 607 352 2285 109 7918 4336 114 6131 251 
94 132 133 653 19 7956 5909 282 28 30 414 32 420 554 171 4271 1200 4657 178 2360 697 60 189 576 2254 978 980 1627 222 96 102 488 493 117 757 1783 1142 1788 
95 641 132 2437 790 3227 155 670 7585 170 2478 432 4146 1074 180 53 1336 5564 3646 190 8901 4549 70 587 77 2897 3541 218 2654 7275 2670 1264 1268 8055 126 
96 0 1 2 3 4 5 6 391 131 138 11 268 9357 143 404 153 5020 29 158 2212 6438 41 180 437 309 448 67 197 968 1099 84 350 1502 360 1389 2684 
97 5507 132 772 388 135 5381 777 11 273 914 659 278 23 282 3753 5931 6831 306 2745 60 317 190 957 63 67 209 6226 210 982 601 9208 106 9203 3704 1275 127 
98 0 1 2 6400 5 8 9 3849 13 5645 17 23 3097 26 410 27 157 40 42 43 556 46 175 179 52 56 6201 205 1487 1636 106 236 5748 1658 
99 6913 258 6147 2436 133 136 8 5774 402 278 37 165 47 1073 433 568 64 963 708 335 82 212 84 217 3420 482 228 6629 1515 235 111 
